Build started 26/11/2013 00:35:08.
     1>Project "E:\semestern-core\server-master\src\bindings\scripts-master\VC100\100ScriptDev2.vcxproj" on node 2 (build target(s)).
     1>InitializeBuildStatus:
         Touching ".\ScriptDev2__x64_Release\ScriptDev2.unsuccessfulbuild".
       CustomBuild:
         Extracting revision
       ClCompile:
         c:\Program Files (x86)\Microsoft Visual Studio 10.0\VC\bin\x86_amd64\CL.exe /c /I..\..\..\..\dep\include\ /I..\..\..\shared\ /I..\..\..\framework\ /I..\..\..\game\ /I..\include\ /I..\base\ /I..\..\..\..\dep\ACE_wrappers\ /Zi /nologo /W3 /WX- /O2 /D WIN32 /D NDEBUG /D _WINDOWS /D _USRDLL /D SCRIPT /D _SECURE_SCL=0 /D _VC80_UPGRADE=0x0710 /D _WINDLL /D _MBCS /GF /Gm- /EHsc /MD /GS /Gy /fp:precise /Zc:wchar_t /Zc:forScope /GR /Yc"precompiled.h" /Fp".\ScriptDev2__x64_Release\mangosscript.pch" /Fo".\ScriptDev2__x64_Release\\" /Fd".\ScriptDev2__x64_Release\vc100.pdb" /Gd /TP /errorReport:prompt ..\include\precompiled.cpp /MP 
         precompiled.cpp
     1>E:\semestern-core\server-master\dep\ACE_wrappers\ace/OS_NS_unistd.inl(1016): warning C4244: 'argument' : conversion from 'ssize_t' to 'int', possible loss of data
         c:\Program Files (x86)\Microsoft Visual Studio 10.0\VC\bin\x86_amd64\CL.exe /c /I..\..\..\..\dep\include\ /I..\..\..\shared\ /I..\..\..\framework\ /I..\..\..\game\ /I..\include\ /I..\base\ /I..\..\..\..\dep\ACE_wrappers\ /Zi /nologo /W3 /WX- /O2 /D WIN32 /D NDEBUG /D _WINDOWS /D _USRDLL /D SCRIPT /D _SECURE_SCL=0 /D _VC80_UPGRADE=0x0710 /D _WINDLL /D _MBCS /GF /Gm- /EHsc /MD /GS /Gy /fp:precise /Zc:wchar_t /Zc:forScope /GR /Yu"precompiled.h" /Fp".\ScriptDev2__x64_Release\mangosscript.pch" /Fo".\ScriptDev2__x64_Release\\" /Fd".\ScriptDev2__x64_Release\vc100.pdb" /Gd /TP /errorReport:prompt ..\base\escort_ai.cpp ..\base\follower_ai.cpp ..\base\guard_ai.cpp ..\base\pet_ai.cpp ..\scripts\battlegrounds\battleground.cpp ..\scripts\eastern_kingdoms\alterac_mountains.cpp ..\scripts\eastern_kingdoms\arathi_highlands.cpp ..\scripts\eastern_kingdoms\blasted_lands.cpp ..\scripts\eastern_kingdoms\burning_steppes.cpp ..\scripts\eastern_kingdoms\dun_morogh.cpp ..\scripts\eastern_kingdoms\eastern_plaguelands.cpp ..\scripts\eastern_kingdoms\elwynn_forest.cpp ..\scripts\eastern_kingdoms\eversong_woods.cpp ..\scripts\eastern_kingdoms\ghostlands.cpp ..\scripts\eastern_kingdoms\hinterlands.cpp ..\scripts\eastern_kingdoms\ironforge.cpp ..\scripts\eastern_kingdoms\isle_of_queldanas.cpp ..\scripts\eastern_kingdoms\loch_modan.cpp ..\scripts\eastern_kingdoms\redridge_mountains.cpp ..\scripts\eastern_kingdoms\searing_gorge.cpp ..\scripts\eastern_kingdoms\silvermoon_city.cpp ..\scripts\eastern_kingdoms\silverpine_forest.cpp ..\scripts\eastern_kingdoms\stormwind_city.cpp ..\scripts\eastern_kingdoms\stranglethorn_vale.cpp ..\scripts\eastern_kingdoms\swamp_of_sorrows.cpp ..\scripts\eastern_kingdoms\tirisfal_glades.cpp ..\scripts\eastern_kingdoms\undercity.cpp ..\scripts\eastern_kingdoms\western_plaguelands.cpp ..\scripts\eastern_kingdoms\westfall.cpp ..\scripts\eastern_kingdoms\wetlands.cpp ..\scripts\eastern_kingdoms\blackrock_depths\blackrock_depths.cpp ..\scripts\eastern_kingdoms\blackrock_depths\boss_ambassador_flamelash.cpp ..\scripts\eastern_kingdoms\blackrock_depths\boss_coren_direbrew.cpp ..\scripts\eastern_kingdoms\blackrock_depths\boss_emperor_dagran_thaurissan.cpp ..\scripts\eastern_kingdoms\blackrock_depths\boss_general_angerforge.cpp ..\scripts\eastern_kingdoms\blackrock_depths\boss_high_interrogator_gerstahn.cpp ..\scripts\eastern_kingdoms\blackrock_depths\instance_blackrock_depths.cpp ..\scripts\eastern_kingdoms\blackrock_spire\boss_gyth.cpp ..\scripts\eastern_kingdoms\blackrock_spire\boss_overlord_wyrmthalak.cpp ..\scripts\eastern_kingdoms\blackrock_spire\boss_pyroguard_emberseer.cpp ..\scripts\eastern_kingdoms\blackrock_spire\instance_blackrock_spire.cpp ..\scripts\eastern_kingdoms\blackwing_lair\boss_broodlord_lashlayer.cpp ..\scripts\eastern_kingdoms\blackwing_lair\boss_chromaggus.cpp ..\scripts\eastern_kingdoms\blackwing_lair\boss_ebonroc.cpp ..\scripts\eastern_kingdoms\blackwing_lair\boss_firemaw.cpp ..\scripts\eastern_kingdoms\blackwing_lair\boss_flamegor.cpp ..\scripts\eastern_kingdoms\blackwing_lair\boss_nefarian.cpp ..\scripts\eastern_kingdoms\blackwing_lair\boss_razorgore.cpp ..\scripts\eastern_kingdoms\blackwing_lair\boss_vaelastrasz.cpp ..\scripts\eastern_kingdoms\blackwing_lair\boss_victor_nefarius.cpp ..\scripts\eastern_kingdoms\blackwing_lair\instance_blackwing_lair.cpp ..\scripts\eastern_kingdoms\deadmines\boss_mr_smite.cpp ..\scripts\eastern_kingdoms\deadmines\deadmines.cpp ..\scripts\eastern_kingdoms\deadmines\instance_deadmines.cpp ..\scripts\eastern_kingdoms\gnomeregan\boss_thermaplugg.cpp ..\scripts\eastern_kingdoms\gnomeregan\gnomeregan.cpp ..\scripts\eastern_kingdoms\gnomeregan\instance_gnomeregan.cpp ..\scripts\eastern_kingdoms\karazhan\boss_curator.cpp ..\scripts\eastern_kingdoms\karazhan\boss_maiden_of_virtue.cpp ..\scripts\eastern_kingdoms\karazhan\boss_midnight.cpp ..\scripts\eastern_kingdoms\karazhan\boss_moroes.cpp ..\scripts\eastern_kingdoms\karazhan\boss_netherspite.cpp ..\scripts\eastern_kingdoms\karazhan\boss_nightbane.cpp ..\scripts\eastern_kingdoms\karazhan\boss_prince_malchezaar.cpp ..\scripts\eastern_kingdoms\karazhan\boss_shade_of_aran.cpp ..\scripts\eastern_kingdoms\karazhan\boss_terestian_illhoof.cpp ..\scripts\eastern_kingdoms\karazhan\bosses_opera.cpp ..\scripts\eastern_kingdoms\karazhan\chess_event.cpp ..\scripts\eastern_kingdoms\karazhan\instance_karazhan.cpp ..\scripts\eastern_kingdoms\karazhan\karazhan.cpp ..\scripts\eastern_kingdoms\magisters_terrace\boss_felblood_kaelthas.cpp ..\scripts\eastern_kingdoms\magisters_terrace\boss_priestess_delrissa.cpp ..\scripts\eastern_kingdoms\magisters_terrace\boss_selin_fireheart.cpp ..\scripts\eastern_kingdoms\magisters_terrace\boss_vexallus.cpp ..\scripts\eastern_kingdoms\magisters_terrace\instance_magisters_terrace.cpp ..\scripts\eastern_kingdoms\magisters_terrace\magisters_terrace.cpp ..\scripts\eastern_kingdoms\molten_core\boss_baron_geddon.cpp ..\scripts\eastern_kingdoms\molten_core\boss_garr.cpp ..\scripts\eastern_kingdoms\molten_core\boss_gehennas.cpp ..\scripts\eastern_kingdoms\molten_core\boss_golemagg.cpp ..\scripts\eastern_kingdoms\molten_core\boss_lucifron.cpp ..\scripts\eastern_kingdoms\molten_core\boss_magmadar.cpp ..\scripts\eastern_kingdoms\molten_core\boss_majordomo_executus.cpp ..\scripts\eastern_kingdoms\molten_core\boss_ragnaros.cpp ..\scripts\eastern_kingdoms\molten_core\boss_shazzrah.cpp ..\scripts\eastern_kingdoms\molten_core\boss_sulfuron_harbinger.cpp ..\scripts\eastern_kingdoms\molten_core\instance_molten_core.cpp ..\scripts\eastern_kingdoms\molten_core\molten_core.cpp ..\scripts\eastern_kingdoms\naxxramas\boss_anubrekhan.cpp ..\scripts\eastern_kingdoms\naxxramas\boss_faerlina.cpp ..\scripts\eastern_kingdoms\naxxramas\boss_four_horsemen.cpp ..\scripts\eastern_kingdoms\naxxramas\boss_gluth.cpp ..\scripts\eastern_kingdoms\naxxramas\boss_gothik.cpp ..\scripts\eastern_kingdoms\naxxramas\boss_grobbulus.cpp ..\scripts\eastern_kingdoms\naxxramas\boss_heigan.cpp ..\scripts\eastern_kingdoms\naxxramas\boss_kelthuzad.cpp ..\scripts\eastern_kingdoms\naxxramas\boss_loatheb.cpp ..\scripts\eastern_kingdoms\naxxramas\boss_maexxna.cpp ..\scripts\eastern_kingdoms\naxxramas\boss_noth.cpp ..\scripts\eastern_kingdoms\naxxramas\boss_patchwerk.cpp ..\scripts\eastern_kingdoms\naxxramas\boss_razuvious.cpp ..\scripts\eastern_kingdoms\naxxramas\boss_sapphiron.cpp ..\scripts\eastern_kingdoms\naxxramas\boss_thaddius.cpp ..\scripts\eastern_kingdoms\naxxramas\instance_naxxramas.cpp ..\scripts\eastern_kingdoms\scarlet_monastery\boss_arcanist_doan.cpp ..\scripts\eastern_kingdoms\scarlet_monastery\boss_headless_horseman.cpp ..\scripts\eastern_kingdoms\scarlet_monastery\boss_herod.cpp ..\scripts\eastern_kingdoms\scarlet_monastery\boss_mograine_and_whitemane.cpp ..\scripts\eastern_kingdoms\scarlet_monastery\instance_scarlet_monastery.cpp ..\scripts\eastern_kingdoms\scholomance\boss_darkmaster_gandling.cpp ..\scripts\eastern_kingdoms\scholomance\boss_jandice_barov.cpp ..\scripts\eastern_kingdoms\scholomance\instance_scholomance.cpp ..\scripts\eastern_kingdoms\shadowfang_keep\instance_shadowfang_keep.cpp ..\scripts\eastern_kingdoms\shadowfang_keep\shadowfang_keep.cpp ..\scripts\eastern_kingdoms\stratholme\boss_baroness_anastari.cpp ..\scripts\eastern_kingdoms\stratholme\boss_cannon_master_willey.cpp ..\scripts\eastern_kingdoms\stratholme\boss_dathrohan_balnazzar.cpp ..\scripts\eastern_kingdoms\stratholme\boss_maleki_the_pallid.cpp ..\scripts\eastern_kingdoms\stratholme\boss_order_of_silver_hand.cpp ..\scripts\eastern_kingdoms\stratholme\instance_stratholme.cpp ..\scripts\eastern_kingdoms\stratholme\stratholme.cpp ..\scripts\eastern_kingdoms\sunken_temple\instance_sunken_temple.cpp ..\scripts\eastern_kingdoms\sunken_temple\sunken_temple.cpp ..\scripts\eastern_kingdoms\sunwell_plateau\boss_brutallus.cpp ..\scripts\eastern_kingdoms\sunwell_plateau\boss_eredar_twins.cpp ..\scripts\eastern_kingdoms\sunwell_plateau\boss_felmyst.cpp ..\scripts\eastern_kingdoms\sunwell_plateau\boss_kalecgos.cpp ..\scripts\eastern_kingdoms\sunwell_plateau\boss_kiljaeden.cpp ..\scripts\eastern_kingdoms\sunwell_plateau\boss_muru.cpp ..\scripts\eastern_kingdoms\sunwell_plateau\instance_sunwell_plateau.cpp ..\scripts\eastern_kingdoms\uldaman\boss_archaedas.cpp ..\scripts\eastern_kingdoms\uldaman\uldaman.cpp ..\scripts\eastern_kingdoms\uldaman\instance_uldaman.cpp ..\scripts\eastern_kingdoms\zulaman\boss_akilzon.cpp ..\scripts\eastern_kingdoms\zulaman\boss_halazzi.cpp ..\scripts\eastern_kingdoms\zulaman\boss_janalai.cpp ..\scripts\eastern_kingdoms\zulaman\boss_malacrass.cpp ..\scripts\eastern_kingdoms\zulaman\boss_nalorakk.cpp ..\scripts\eastern_kingdoms\zulaman\boss_zuljin.cpp ..\scripts\eastern_kingdoms\zulaman\instance_zulaman.cpp ..\scripts\eastern_kingdoms\zulaman\zulaman.cpp ..\scripts\eastern_kingdoms\zulgurub\boss_arlokk.cpp ..\scripts\eastern_kingdoms\zulgurub\boss_hakkar.cpp ..\scripts\eastern_kingdoms\zulgurub\boss_hazzarah.cpp ..\scripts\eastern_kingdoms\zulgurub\boss_jeklik.cpp ..\scripts\eastern_kingdoms\zulgurub\boss_jindo.cpp ..\scripts\eastern_kingdoms\zulgurub\boss_mandokir.cpp ..\scripts\eastern_kingdoms\zulgurub\boss_marli.cpp ..\scripts\eastern_kingdoms\zulgurub\boss_renataki.cpp ..\scripts\eastern_kingdoms\zulgurub\boss_thekal.cpp ..\scripts\eastern_kingdoms\zulgurub\boss_venoxis.cpp ..\scripts\eastern_kingdoms\zulgurub\instance_zulgurub.cpp ..\scripts\examples\example_creature.cpp ..\scripts\examples\example_escort.cpp ..\scripts\examples\example_gossip_codebox.cpp ..\scripts\examples\example_misc.cpp ..\scripts\kalimdor\ashenvale.cpp ..\scripts\kalimdor\azshara.cpp ..\scripts\kalimdor\azuremyst_isle.cpp ..\scripts\kalimdor\bloodmyst_isle.cpp ..\scripts\kalimdor\boss_azuregos.cpp ..\scripts\kalimdor\darkshore.cpp ..\scripts\kalimdor\desolace.cpp ..\scripts\kalimdor\durotar.cpp ..\scripts\kalimdor\dustwallow_marsh.cpp ..\scripts\kalimdor\felwood.cpp ..\scripts\kalimdor\feralas.cpp ..\scripts\kalimdor\moonglade.cpp ..\scripts\kalimdor\mulgore.cpp ..\scripts\kalimdor\orgrimmar.cpp ..\scripts\kalimdor\silithus.cpp ..\scripts\kalimdor\stonetalon_mountains.cpp ..\scripts\kalimdor\tanaris.cpp ..\scripts\kalimdor\teldrassil.cpp ..\scripts\kalimdor\the_barrens.cpp ..\scripts\kalimdor\thousand_needles.cpp ..\scripts\kalimdor\thunder_bluff.cpp ..\scripts\kalimdor\ungoro_crater.cpp ..\scripts\kalimdor\winterspring.cpp ..\scripts\kalimdor\blackfathom_deeps\instance_blackfathom_deeps.cpp ..\scripts\kalimdor\caverns_of_time\dark_portal\boss_aeonus.cpp ..\scripts\kalimdor\caverns_of_time\dark_portal\boss_chrono_lord_deja.cpp ..\scripts\kalimdor\caverns_of_time\dark_portal\boss_temporus.cpp ..\scripts\kalimdor\caverns_of_time\dark_portal\dark_portal.cpp ..\scripts\kalimdor\caverns_of_time\dark_portal\instance_dark_portal.cpp ..\scripts\kalimdor\caverns_of_time\hyjal\boss_archimonde.cpp ..\scripts\kalimdor\caverns_of_time\hyjal\hyjal.cpp ..\scripts\kalimdor\caverns_of_time\hyjal\hyjalAI.cpp ..\scripts\kalimdor\caverns_of_time\hyjal\instance_hyjal.cpp ..\scripts\kalimdor\caverns_of_time\old_hillsbrad\instance_old_hillsbrad.cpp ..\scripts\kalimdor\caverns_of_time\old_hillsbrad\old_hillsbrad.cpp ..\scripts\kalimdor\dire_maul\dire_maul.cpp ..\scripts\kalimdor\dire_maul\instance_dire_maul.cpp ..\scripts\kalimdor\maraudon\boss_noxxion.cpp ..\scripts\kalimdor\onyxias_lair\boss_onyxia.cpp ..\scripts\kalimdor\onyxias_lair\instance_onyxias_lair.cpp ..\scripts\kalimdor\razorfen_downs\razorfen_downs.cpp ..\scripts\kalimdor\razorfen_kraul\instance_razorfen_kraul.cpp ..\scripts\kalimdor\razorfen_kraul\razorfen_kraul.cpp ..\scripts\kalimdor\ruins_of_ahnqiraj\boss_ayamiss.cpp ..\scripts\kalimdor\ruins_of_ahnqiraj\boss_buru.cpp ..\scripts\kalimdor\ruins_of_ahnqiraj\boss_kurinnaxx.cpp ..\scripts\kalimdor\ruins_of_ahnqiraj\boss_moam.cpp ..\scripts\kalimdor\ruins_of_ahnqiraj\boss_ossirian.cpp ..\scripts\kalimdor\ruins_of_ahnqiraj\boss_rajaxx.cpp ..\scripts\kalimdor\ruins_of_ahnqiraj\instance_ruins_of_ahnqiraj.cpp ..\scripts\kalimdor\ruins_of_ahnqiraj\ruins_of_ahnqiraj.cpp ..\scripts\kalimdor\temple_of_ahnqiraj\boss_bug_trio.cpp ..\scripts\kalimdor\temple_of_ahnqiraj\boss_cthun.cpp ..\scripts\kalimdor\temple_of_ahnqiraj\boss_fankriss.cpp ..\scripts\kalimdor\temple_of_ahnqiraj\boss_huhuran.cpp ..\scripts\kalimdor\temple_of_ahnqiraj\boss_ouro.cpp ..\scripts\kalimdor\temple_of_ahnqiraj\boss_sartura.cpp ..\scripts\kalimdor\temple_of_ahnqiraj\boss_skeram.cpp ..\scripts\kalimdor\temple_of_ahnqiraj\boss_twinemperors.cpp ..\scripts\kalimdor\temple_of_ahnqiraj\boss_viscidus.cpp ..\scripts\kalimdor\temple_of_ahnqiraj\instance_temple_of_ahnqiraj.cpp ..\scripts\kalimdor\temple_of_ahnqiraj\mob_anubisath_sentinel.cpp ..\scripts\kalimdor\wailing_caverns\instance_wailing_caverns.cpp ..\scripts\kalimdor\wailing_caverns\wailing_caverns.cpp ..\scripts\kalimdor\zulfarrak\boss_zumrah.cpp ..\scripts\kalimdor\zulfarrak\instance_zulfarrak.cpp ..\scripts\kalimdor\zulfarrak\zulfarrak.cpp ..\scripts\outland\blades_edge_mountains.cpp ..\scripts\outland\boss_doomlord_kazzak.cpp ..\scripts\outland\boss_doomwalker.cpp ..\scripts\outland\hellfire_peninsula.cpp ..\scripts\outland\nagrand.cpp ..\scripts\outland\netherstorm.cpp ..\scripts\outland\shadowmoon_valley.cpp ..\scripts\outland\shattrath_city.cpp ..\scripts\outland\terokkar_forest.cpp ..\scripts\outland\zangarmarsh.cpp ..\scripts\outland\auchindoun\auchenai_crypts\boss_exarch_maladaar.cpp ..\scripts\outland\auchindoun\auchenai_crypts\boss_shirrak.cpp ..\scripts\outland\auchindoun\mana_tombs\boss_nexusprince_shaffar.cpp ..\scripts\outland\auchindoun\mana_tombs\boss_pandemonius.cpp ..\scripts\outland\auchindoun\sethekk_halls\boss_anzu.cpp ..\scripts\outland\auchindoun\sethekk_halls\boss_darkweaver_syth.cpp ..\scripts\outland\auchindoun\sethekk_halls\boss_talon_king_ikiss.cpp ..\scripts\outland\auchindoun\sethekk_halls\instance_sethekk_halls.cpp ..\scripts\outland\auchindoun\shadow_labyrinth\boss_ambassador_hellmaw.cpp ..\scripts\outland\auchindoun\shadow_labyrinth\boss_blackheart_the_inciter.cpp ..\scripts\outland\auchindoun\shadow_labyrinth\boss_grandmaster_vorpil.cpp ..\scripts\outland\auchindoun\shadow_labyrinth\boss_murmur.cpp ..\scripts\outland\auchindoun\shadow_labyrinth\instance_shadow_labyrinth.cpp ..\scripts\outland\black_temple\black_temple.cpp ..\scripts\outland\black_temple\boss_bloodboil.cpp ..\scripts\outland\black_temple\boss_illidan.cpp ..\scripts\outland\black_temple\boss_mother_shahraz.cpp ..\scripts\outland\black_temple\boss_reliquary_of_souls.cpp ..\scripts\outland\black_temple\boss_shade_of_akama.cpp ..\scripts\outland\black_temple\boss_supremus.cpp ..\scripts\outland\black_temple\boss_teron_gorefiend.cpp ..\scripts\outland\black_temple\boss_warlord_najentus.cpp ..\scripts\outland\black_temple\illidari_council.cpp ..\scripts\outland\black_temple\instance_black_temple.cpp ..\scripts\outland\coilfang_reservoir\serpent_shrine\boss_fathomlord_karathress.cpp ..\scripts\outland\coilfang_reservoir\serpent_shrine\boss_hydross_the_unstable.cpp ..\scripts\outland\coilfang_reservoir\serpent_shrine\boss_lady_vashj.cpp ..\scripts\outland\coilfang_reservoir\serpent_shrine\boss_leotheras_the_blind.cpp ..\scripts\outland\coilfang_reservoir\serpent_shrine\boss_morogrim_tidewalker.cpp ..\scripts\outland\coilfang_reservoir\serpent_shrine\boss_the_lurker_below.cpp ..\scripts\outland\coilfang_reservoir\serpent_shrine\instance_serpent_shrine.cpp ..\scripts\outland\coilfang_reservoir\slave_pens\boss_ahune.cpp ..\scripts\outland\coilfang_reservoir\steam_vault\boss_hydromancer_thespia.cpp ..\scripts\outland\coilfang_reservoir\steam_vault\boss_mekgineer_steamrigger.cpp ..\scripts\outland\coilfang_reservoir\steam_vault\boss_warlord_kalithresh.cpp ..\scripts\outland\coilfang_reservoir\steam_vault\instance_steam_vault.cpp ..\scripts\outland\coilfang_reservoir\underbog\boss_hungarfen.cpp ..\scripts\outland\gruuls_lair\boss_gruul.cpp ..\scripts\outland\gruuls_lair\boss_high_king_maulgar.cpp ..\scripts\outland\gruuls_lair\instance_gruuls_lair.cpp ..\scripts\outland\hellfire_citadel\blood_furnace\boss_broggok.cpp ..\scripts\outland\hellfire_citadel\blood_furnace\boss_kelidan_the_breaker.cpp ..\scripts\outland\hellfire_citadel\blood_furnace\boss_the_maker.cpp ..\scripts\outland\hellfire_citadel\blood_furnace\instance_blood_furnace.cpp ..\scripts\outland\hellfire_citadel\hellfire_ramparts\boss_nazan_and_vazruden.cpp ..\scripts\outland\hellfire_citadel\hellfire_ramparts\boss_omor_the_unscarred.cpp ..\scripts\outland\hellfire_citadel\hellfire_ramparts\boss_watchkeeper_gargolmar.cpp ..\scripts\outland\hellfire_citadel\hellfire_ramparts\instance_hellfire_ramparts.cpp ..\scripts\outland\hellfire_citadel\magtheridons_lair\boss_magtheridon.cpp ..\scripts\outland\hellfire_citadel\magtheridons_lair\instance_magtheridons_lair.cpp ..\scripts\outland\hellfire_citadel\shattered_halls\boss_nethekurse.cpp ..\scripts\outland\hellfire_citadel\shattered_halls\boss_warbringer_omrogg.cpp ..\scripts\outland\hellfire_citadel\shattered_halls\boss_warchief_kargath_bladefist.cpp ..\scripts\outland\hellfire_citadel\shattered_halls\instance_shattered_halls.cpp ..\scripts\outland\tempest_keep\arcatraz\arcatraz.cpp ..\scripts\outland\tempest_keep\arcatraz\boss_dalliah.cpp ..\scripts\outland\tempest_keep\arcatraz\boss_harbinger_skyriss.cpp ..\scripts\outland\tempest_keep\arcatraz\boss_soccothrates.cpp ..\scripts\outland\tempest_keep\arcatraz\instance_arcatraz.cpp ..\scripts\outland\tempest_keep\botanica\boss_high_botanist_freywinn.cpp ..\scripts\outland\tempest_keep\botanica\boss_laj.cpp ..\scripts\outland\tempest_keep\botanica\boss_warp_splinter.cpp ..\scripts\outland\tempest_keep\the_eye\boss_alar.cpp ..\scripts\outland\tempest_keep\the_eye\boss_astromancer.cpp ..\scripts\outland\tempest_keep\the_eye\boss_kaelthas.cpp ..\scripts\outland\tempest_keep\the_eye\boss_void_reaver.cpp ..\scripts\outland\tempest_keep\the_eye\instance_the_eye.cpp ..\scripts\outland\tempest_keep\the_mechanar\boss_nethermancer_sepethrea.cpp ..\scripts\outland\tempest_keep\the_mechanar\boss_pathaleon_the_calculator.cpp ..\scripts\outland\tempest_keep\the_mechanar\instance_mechanar.cpp ..\scripts\world\areatrigger_scripts.cpp ..\scripts\world\bosses_emerald_dragons.cpp ..\scripts\world\go_scripts.cpp ..\scripts\world\guards.cpp ..\scripts\world\item_scripts.cpp ..\scripts\world\mob_generic_creature.cpp ..\scripts\world\npc_professions.cpp ..\scripts\world\npcs_special.cpp ..\scripts\world\spell_scripts.cpp ..\scripts\world\world_map_scripts.cpp ..\include\sc_creature.cpp ..\include\sc_grid_searchers.cpp ..\include\sc_instance.cpp ..\system\ScriptLoader.cpp ..\system\system.cpp ..\ScriptMgr.cpp /MP 
         escort_ai.cpp
         follower_ai.cpp
         guard_ai.cpp
         pet_ai.cpp
         battleground.cpp
         alterac_mountains.cpp
         arathi_highlands.cpp
         blasted_lands.cpp
         burning_steppes.cpp
         dun_morogh.cpp
         eastern_plaguelands.cpp
         elwynn_forest.cpp
         eversong_woods.cpp
         ghostlands.cpp
         hinterlands.cpp
         ironforge.cpp
         isle_of_queldanas.cpp
         loch_modan.cpp
         redridge_mountains.cpp
         searing_gorge.cpp
         silvermoon_city.cpp
         silverpine_forest.cpp
         stormwind_city.cpp
         stranglethorn_vale.cpp
         swamp_of_sorrows.cpp
         tirisfal_glades.cpp
         undercity.cpp
         western_plaguelands.cpp
         westfall.cpp
         wetlands.cpp
         blackrock_depths.cpp
         boss_ambassador_flamelash.cpp
         boss_coren_direbrew.cpp
         boss_emperor_dagran_thaurissan.cpp
         boss_general_angerforge.cpp
         boss_high_interrogator_gerstahn.cpp
         instance_blackrock_depths.cpp
         boss_gyth.cpp
         boss_overlord_wyrmthalak.cpp
         boss_pyroguard_emberseer.cpp
         instance_blackrock_spire.cpp
         boss_broodlord_lashlayer.cpp
         boss_chromaggus.cpp
         boss_ebonroc.cpp
         boss_firemaw.cpp
         boss_flamegor.cpp
         boss_nefarian.cpp
         boss_razorgore.cpp
         boss_vaelastrasz.cpp
         boss_victor_nefarius.cpp
         instance_blackwing_lair.cpp
         boss_mr_smite.cpp
         deadmines.cpp
         instance_deadmines.cpp
         boss_thermaplugg.cpp
         gnomeregan.cpp
         instance_gnomeregan.cpp
         boss_curator.cpp
         boss_maiden_of_virtue.cpp
         boss_midnight.cpp
         boss_moroes.cpp
         boss_netherspite.cpp
         boss_nightbane.cpp
         boss_prince_malchezaar.cpp
         boss_shade_of_aran.cpp
         boss_terestian_illhoof.cpp
         bosses_opera.cpp
         chess_event.cpp
         instance_karazhan.cpp
         karazhan.cpp
         boss_felblood_kaelthas.cpp
         boss_priestess_delrissa.cpp
         boss_selin_fireheart.cpp
         boss_vexallus.cpp
         instance_magisters_terrace.cpp
         magisters_terrace.cpp
         boss_baron_geddon.cpp
         boss_garr.cpp
         boss_gehennas.cpp
         boss_golemagg.cpp
         boss_lucifron.cpp
         boss_magmadar.cpp
         boss_majordomo_executus.cpp
         boss_ragnaros.cpp
         boss_shazzrah.cpp
         boss_sulfuron_harbinger.cpp
         instance_molten_core.cpp
         molten_core.cpp
         boss_anubrekhan.cpp
         boss_faerlina.cpp
         boss_four_horsemen.cpp
         boss_gluth.cpp
         boss_gothik.cpp
         boss_grobbulus.cpp
         boss_heigan.cpp
         boss_kelthuzad.cpp
         boss_loatheb.cpp
         boss_maexxna.cpp
         boss_noth.cpp
         boss_patchwerk.cpp
         boss_razuvious.cpp
         boss_sapphiron.cpp
         boss_thaddius.cpp
         instance_naxxramas.cpp
         boss_arcanist_doan.cpp
         boss_headless_horseman.cpp
         boss_herod.cpp
         boss_mograine_and_whitemane.cpp
         instance_scarlet_monastery.cpp
         boss_darkmaster_gandling.cpp
         boss_jandice_barov.cpp
         instance_scholomance.cpp
         instance_shadowfang_keep.cpp
         shadowfang_keep.cpp
         boss_baroness_anastari.cpp
         boss_cannon_master_willey.cpp
         boss_dathrohan_balnazzar.cpp
         boss_maleki_the_pallid.cpp
         boss_order_of_silver_hand.cpp
         instance_stratholme.cpp
         stratholme.cpp
         instance_sunken_temple.cpp
         sunken_temple.cpp
         boss_brutallus.cpp
         boss_eredar_twins.cpp
         boss_felmyst.cpp
         boss_kalecgos.cpp
         boss_kiljaeden.cpp
         boss_muru.cpp
         instance_sunwell_plateau.cpp
         boss_archaedas.cpp
         uldaman.cpp
         instance_uldaman.cpp
         boss_akilzon.cpp
         boss_halazzi.cpp
         boss_janalai.cpp
         boss_malacrass.cpp
         boss_nalorakk.cpp
         boss_zuljin.cpp
         instance_zulaman.cpp
         zulaman.cpp
         boss_arlokk.cpp
         boss_hakkar.cpp
         boss_hazzarah.cpp
         boss_jeklik.cpp
         boss_jindo.cpp
         boss_mandokir.cpp
         boss_marli.cpp
         boss_renataki.cpp
         boss_thekal.cpp
         boss_venoxis.cpp
         instance_zulgurub.cpp
         example_creature.cpp
         example_escort.cpp
         example_gossip_codebox.cpp
         example_misc.cpp
         ashenvale.cpp
         azshara.cpp
         azuremyst_isle.cpp
         bloodmyst_isle.cpp
         boss_azuregos.cpp
         darkshore.cpp
         desolace.cpp
         durotar.cpp
         dustwallow_marsh.cpp
         felwood.cpp
         feralas.cpp
         moonglade.cpp
         mulgore.cpp
         orgrimmar.cpp
         silithus.cpp
         stonetalon_mountains.cpp
         tanaris.cpp
         teldrassil.cpp
         the_barrens.cpp
         thousand_needles.cpp
         thunder_bluff.cpp
         ungoro_crater.cpp
         winterspring.cpp
         instance_blackfathom_deeps.cpp
         boss_aeonus.cpp
         boss_chrono_lord_deja.cpp
         boss_temporus.cpp
         dark_portal.cpp
         instance_dark_portal.cpp
         boss_archimonde.cpp
         hyjal.cpp
         hyjalAI.cpp
         instance_hyjal.cpp
         instance_old_hillsbrad.cpp
         old_hillsbrad.cpp
         dire_maul.cpp
         instance_dire_maul.cpp
         boss_noxxion.cpp
         boss_onyxia.cpp
         instance_onyxias_lair.cpp
         razorfen_downs.cpp
         instance_razorfen_kraul.cpp
         razorfen_kraul.cpp
         boss_ayamiss.cpp
         boss_buru.cpp
         boss_kurinnaxx.cpp
         boss_moam.cpp
         boss_ossirian.cpp
         boss_rajaxx.cpp
         instance_ruins_of_ahnqiraj.cpp
         ruins_of_ahnqiraj.cpp
         boss_bug_trio.cpp
         boss_cthun.cpp
         boss_fankriss.cpp
         boss_huhuran.cpp
         boss_ouro.cpp
         boss_sartura.cpp
         boss_skeram.cpp
         boss_twinemperors.cpp
         boss_viscidus.cpp
         instance_temple_of_ahnqiraj.cpp
         mob_anubisath_sentinel.cpp
         instance_wailing_caverns.cpp
         wailing_caverns.cpp
         boss_zumrah.cpp
         instance_zulfarrak.cpp
         zulfarrak.cpp
         blades_edge_mountains.cpp
         boss_doomlord_kazzak.cpp
         boss_doomwalker.cpp
         hellfire_peninsula.cpp
         nagrand.cpp
         netherstorm.cpp
         shadowmoon_valley.cpp
         shattrath_city.cpp
         terokkar_forest.cpp
         zangarmarsh.cpp
         boss_exarch_maladaar.cpp
         boss_shirrak.cpp
         boss_nexusprince_shaffar.cpp
         boss_pandemonius.cpp
         boss_anzu.cpp
         boss_darkweaver_syth.cpp
         boss_talon_king_ikiss.cpp
         instance_sethekk_halls.cpp
         boss_ambassador_hellmaw.cpp
         boss_blackheart_the_inciter.cpp
         boss_grandmaster_vorpil.cpp
         boss_murmur.cpp
         instance_shadow_labyrinth.cpp
         black_temple.cpp
         boss_bloodboil.cpp
         boss_illidan.cpp
         boss_mother_shahraz.cpp
         boss_reliquary_of_souls.cpp
         boss_shade_of_akama.cpp
         boss_supremus.cpp
         boss_teron_gorefiend.cpp
         boss_warlord_najentus.cpp
         illidari_council.cpp
         instance_black_temple.cpp
         boss_fathomlord_karathress.cpp
         boss_hydross_the_unstable.cpp
         boss_lady_vashj.cpp
         boss_leotheras_the_blind.cpp
         boss_morogrim_tidewalker.cpp
         boss_the_lurker_below.cpp
         instance_serpent_shrine.cpp
         boss_ahune.cpp
         boss_hydromancer_thespia.cpp
         boss_mekgineer_steamrigger.cpp
         boss_warlord_kalithresh.cpp
         instance_steam_vault.cpp
         boss_hungarfen.cpp
         boss_gruul.cpp
         boss_high_king_maulgar.cpp
         instance_gruuls_lair.cpp
         boss_broggok.cpp
         boss_kelidan_the_breaker.cpp
         boss_the_maker.cpp
         instance_blood_furnace.cpp
         boss_nazan_and_vazruden.cpp
         boss_omor_the_unscarred.cpp
         boss_watchkeeper_gargolmar.cpp
         instance_hellfire_ramparts.cpp
         boss_magtheridon.cpp
         instance_magtheridons_lair.cpp
         boss_nethekurse.cpp
         boss_warbringer_omrogg.cpp
         boss_warchief_kargath_bladefist.cpp
         instance_shattered_halls.cpp
         arcatraz.cpp
         boss_dalliah.cpp
         boss_harbinger_skyriss.cpp
         boss_soccothrates.cpp
         instance_arcatraz.cpp
         boss_high_botanist_freywinn.cpp
         boss_laj.cpp
         boss_warp_splinter.cpp
         boss_alar.cpp
         boss_astromancer.cpp
         boss_kaelthas.cpp
         boss_void_reaver.cpp
         instance_the_eye.cpp
         boss_nethermancer_sepethrea.cpp
         boss_pathaleon_the_calculator.cpp
         instance_mechanar.cpp
         areatrigger_scripts.cpp
         bosses_emerald_dragons.cpp
         go_scripts.cpp
         guards.cpp
         item_scripts.cpp
         mob_generic_creature.cpp
         npc_professions.cpp
         npcs_special.cpp
         spell_scripts.cpp
         world_map_scripts.cpp
         sc_creature.cpp
         sc_grid_searchers.cpp
         sc_instance.cpp
         ScriptLoader.cpp
         system.cpp
         ScriptMgr.cpp
         c:\Program Files (x86)\Microsoft Visual Studio 10.0\VC\bin\x86_amd64\CL.exe /c /I..\..\..\..\dep\include\ /I..\..\..\shared\ /I..\..\..\framework\ /I..\..\..\game\ /I..\include\ /I..\base\ /I..\..\..\..\dep\ACE_wrappers\ /Zi /nologo /W3 /WX- /O2 /D WIN32 /D NDEBUG /D _WINDOWS /D _USRDLL /D SCRIPT /D _SECURE_SCL=0 /D _VC80_UPGRADE=0x0710 /D _WINDLL /D _MBCS /GF /Gm- /EHsc /MD /GS /Gy /fp:precise /Zc:wchar_t /Zc:forScope /GR /Fo".\ScriptDev2__x64_Release\\" /Fd".\ScriptDev2__x64_Release\vc100.pdb" /Gd /TP /errorReport:prompt ..\system\MangosdRev.cpp /MP 
         MangosdRev.cpp
       Link:
         c:\Program Files (x86)\Microsoft Visual Studio 10.0\VC\bin\x86_amd64\link.exe /ERRORREPORT:PROMPT /OUT:"..\..\..\..\bin\x64_release\mangosscript.dll" /INCREMENTAL:NO /NOLOGO /LIBPATH:..\..\..\..\win\VC100\mangosd__x64_Release /LIBPATH:..\..\..\..\win\VC100\framework__x64_Release /LIBPATH:..\..\..\..\dep\lib\x64_release\ mangosd.lib ACE.lib framework.lib kernel32.lib user32.lib gdi32.lib winspool.lib comdlg32.lib advapi32.lib shell32.lib ole32.lib oleaut32.lib uuid.lib odbc32.lib odbccp32.lib /MANIFEST /ManifestFile:".\ScriptDev2__x64_Release\mangosscript.dll.intermediate.manifest" /MANIFESTUAC:"level='asInvoker' uiAccess='false'" /DEBUG /PDB:"E:\semestern-core\server-master\bin\x64_release\mangosscript.pdb" /SUBSYSTEM:WINDOWS /OPT:REF /OPT:ICF /TLBID:1 /DYNAMICBASE:NO /IMPLIB:"..\..\..\..\bin\x64_release\mangosscript.lib" /MACHINE:X64 /DLL .\ScriptDev2__x64_Release\escort_ai.obj
         .\ScriptDev2__x64_Release\follower_ai.obj
         .\ScriptDev2__x64_Release\guard_ai.obj
         .\ScriptDev2__x64_Release\pet_ai.obj
         .\ScriptDev2__x64_Release\battleground.obj
         .\ScriptDev2__x64_Release\alterac_mountains.obj
         .\ScriptDev2__x64_Release\arathi_highlands.obj
         .\ScriptDev2__x64_Release\blasted_lands.obj
         .\ScriptDev2__x64_Release\burning_steppes.obj
         .\ScriptDev2__x64_Release\dun_morogh.obj
         .\ScriptDev2__x64_Release\eastern_plaguelands.obj
         .\ScriptDev2__x64_Release\elwynn_forest.obj
         .\ScriptDev2__x64_Release\eversong_woods.obj
         .\ScriptDev2__x64_Release\ghostlands.obj
         .\ScriptDev2__x64_Release\hinterlands.obj
         .\ScriptDev2__x64_Release\ironforge.obj
         .\ScriptDev2__x64_Release\isle_of_queldanas.obj
         .\ScriptDev2__x64_Release\loch_modan.obj
         .\ScriptDev2__x64_Release\redridge_mountains.obj
         .\ScriptDev2__x64_Release\searing_gorge.obj
         .\ScriptDev2__x64_Release\silvermoon_city.obj
         .\ScriptDev2__x64_Release\silverpine_forest.obj
         .\ScriptDev2__x64_Release\stormwind_city.obj
         .\ScriptDev2__x64_Release\stranglethorn_vale.obj
         .\ScriptDev2__x64_Release\swamp_of_sorrows.obj
         .\ScriptDev2__x64_Release\tirisfal_glades.obj
         .\ScriptDev2__x64_Release\undercity.obj
         .\ScriptDev2__x64_Release\western_plaguelands.obj
         .\ScriptDev2__x64_Release\westfall.obj
         .\ScriptDev2__x64_Release\wetlands.obj
         .\ScriptDev2__x64_Release\blackrock_depths.obj
         .\ScriptDev2__x64_Release\boss_ambassador_flamelash.obj
         .\ScriptDev2__x64_Release\boss_coren_direbrew.obj
         .\ScriptDev2__x64_Release\boss_emperor_dagran_thaurissan.obj
         .\ScriptDev2__x64_Release\boss_general_angerforge.obj
         .\ScriptDev2__x64_Release\boss_high_interrogator_gerstahn.obj
         .\ScriptDev2__x64_Release\instance_blackrock_depths.obj
         .\ScriptDev2__x64_Release\boss_gyth.obj
         .\ScriptDev2__x64_Release\boss_overlord_wyrmthalak.obj
         .\ScriptDev2__x64_Release\boss_pyroguard_emberseer.obj
         .\ScriptDev2__x64_Release\instance_blackrock_spire.obj
         .\ScriptDev2__x64_Release\boss_broodlord_lashlayer.obj
         .\ScriptDev2__x64_Release\boss_chromaggus.obj
         .\ScriptDev2__x64_Release\boss_ebonroc.obj
         .\ScriptDev2__x64_Release\boss_firemaw.obj
         .\ScriptDev2__x64_Release\boss_flamegor.obj
         .\ScriptDev2__x64_Release\boss_nefarian.obj
         .\ScriptDev2__x64_Release\boss_razorgore.obj
         .\ScriptDev2__x64_Release\boss_vaelastrasz.obj
         .\ScriptDev2__x64_Release\boss_victor_nefarius.obj
         .\ScriptDev2__x64_Release\instance_blackwing_lair.obj
         .\ScriptDev2__x64_Release\boss_mr_smite.obj
         .\ScriptDev2__x64_Release\deadmines.obj
         .\ScriptDev2__x64_Release\instance_deadmines.obj
         .\ScriptDev2__x64_Release\boss_thermaplugg.obj
         .\ScriptDev2__x64_Release\gnomeregan.obj
         .\ScriptDev2__x64_Release\instance_gnomeregan.obj
         .\ScriptDev2__x64_Release\boss_curator.obj
         .\ScriptDev2__x64_Release\boss_maiden_of_virtue.obj
         .\ScriptDev2__x64_Release\boss_midnight.obj
         .\ScriptDev2__x64_Release\boss_moroes.obj
         .\ScriptDev2__x64_Release\boss_netherspite.obj
         .\ScriptDev2__x64_Release\boss_nightbane.obj
         .\ScriptDev2__x64_Release\boss_prince_malchezaar.obj
         .\ScriptDev2__x64_Release\boss_shade_of_aran.obj
         .\ScriptDev2__x64_Release\boss_terestian_illhoof.obj
         .\ScriptDev2__x64_Release\bosses_opera.obj
         .\ScriptDev2__x64_Release\chess_event.obj
         .\ScriptDev2__x64_Release\instance_karazhan.obj
         .\ScriptDev2__x64_Release\karazhan.obj
         .\ScriptDev2__x64_Release\boss_felblood_kaelthas.obj
         .\ScriptDev2__x64_Release\boss_priestess_delrissa.obj
         .\ScriptDev2__x64_Release\boss_selin_fireheart.obj
         .\ScriptDev2__x64_Release\boss_vexallus.obj
         .\ScriptDev2__x64_Release\instance_magisters_terrace.obj
         .\ScriptDev2__x64_Release\magisters_terrace.obj
         .\ScriptDev2__x64_Release\boss_baron_geddon.obj
         .\ScriptDev2__x64_Release\boss_garr.obj
         .\ScriptDev2__x64_Release\boss_gehennas.obj
         .\ScriptDev2__x64_Release\boss_golemagg.obj
         .\ScriptDev2__x64_Release\boss_lucifron.obj
         .\ScriptDev2__x64_Release\boss_magmadar.obj
         .\ScriptDev2__x64_Release\boss_majordomo_executus.obj
         .\ScriptDev2__x64_Release\boss_ragnaros.obj
         .\ScriptDev2__x64_Release\boss_shazzrah.obj
         .\ScriptDev2__x64_Release\boss_sulfuron_harbinger.obj
         .\ScriptDev2__x64_Release\instance_molten_core.obj
         .\ScriptDev2__x64_Release\molten_core.obj
         .\ScriptDev2__x64_Release\boss_anubrekhan.obj
         .\ScriptDev2__x64_Release\boss_faerlina.obj
         .\ScriptDev2__x64_Release\boss_four_horsemen.obj
         .\ScriptDev2__x64_Release\boss_gluth.obj
         .\ScriptDev2__x64_Release\boss_gothik.obj
         .\ScriptDev2__x64_Release\boss_grobbulus.obj
         .\ScriptDev2__x64_Release\boss_heigan.obj
         .\ScriptDev2__x64_Release\boss_kelthuzad.obj
         .\ScriptDev2__x64_Release\boss_loatheb.obj
         .\ScriptDev2__x64_Release\boss_maexxna.obj
         .\ScriptDev2__x64_Release\boss_noth.obj
         .\ScriptDev2__x64_Release\boss_patchwerk.obj
         .\ScriptDev2__x64_Release\boss_razuvious.obj
         .\ScriptDev2__x64_Release\boss_sapphiron.obj
         .\ScriptDev2__x64_Release\boss_thaddius.obj
         .\ScriptDev2__x64_Release\instance_naxxramas.obj
         .\ScriptDev2__x64_Release\boss_arcanist_doan.obj
         .\ScriptDev2__x64_Release\boss_headless_horseman.obj
         .\ScriptDev2__x64_Release\boss_herod.obj
         .\ScriptDev2__x64_Release\boss_mograine_and_whitemane.obj
         .\ScriptDev2__x64_Release\instance_scarlet_monastery.obj
         .\ScriptDev2__x64_Release\boss_darkmaster_gandling.obj
         .\ScriptDev2__x64_Release\boss_jandice_barov.obj
         .\ScriptDev2__x64_Release\instance_scholomance.obj
         .\ScriptDev2__x64_Release\instance_shadowfang_keep.obj
         .\ScriptDev2__x64_Release\shadowfang_keep.obj
         .\ScriptDev2__x64_Release\boss_baroness_anastari.obj
         .\ScriptDev2__x64_Release\boss_cannon_master_willey.obj
         .\ScriptDev2__x64_Release\boss_dathrohan_balnazzar.obj
         .\ScriptDev2__x64_Release\boss_maleki_the_pallid.obj
         .\ScriptDev2__x64_Release\boss_order_of_silver_hand.obj
         .\ScriptDev2__x64_Release\instance_stratholme.obj
         .\ScriptDev2__x64_Release\stratholme.obj
         .\ScriptDev2__x64_Release\instance_sunken_temple.obj
         .\ScriptDev2__x64_Release\sunken_temple.obj
         .\ScriptDev2__x64_Release\boss_brutallus.obj
         .\ScriptDev2__x64_Release\boss_eredar_twins.obj
         .\ScriptDev2__x64_Release\boss_felmyst.obj
         .\ScriptDev2__x64_Release\boss_kalecgos.obj
         .\ScriptDev2__x64_Release\boss_kiljaeden.obj
         .\ScriptDev2__x64_Release\boss_muru.obj
         .\ScriptDev2__x64_Release\instance_sunwell_plateau.obj
         .\ScriptDev2__x64_Release\boss_archaedas.obj
         .\ScriptDev2__x64_Release\uldaman.obj
         .\ScriptDev2__x64_Release\instance_uldaman.obj
         .\ScriptDev2__x64_Release\boss_akilzon.obj
         .\ScriptDev2__x64_Release\boss_halazzi.obj
         .\ScriptDev2__x64_Release\boss_janalai.obj
         .\ScriptDev2__x64_Release\boss_malacrass.obj
         .\ScriptDev2__x64_Release\boss_nalorakk.obj
         .\ScriptDev2__x64_Release\boss_zuljin.obj
         .\ScriptDev2__x64_Release\instance_zulaman.obj
         .\ScriptDev2__x64_Release\zulaman.obj
         .\ScriptDev2__x64_Release\boss_arlokk.obj
         .\ScriptDev2__x64_Release\boss_hakkar.obj
         .\ScriptDev2__x64_Release\boss_hazzarah.obj
         .\ScriptDev2__x64_Release\boss_jeklik.obj
         .\ScriptDev2__x64_Release\boss_jindo.obj
         .\ScriptDev2__x64_Release\boss_mandokir.obj
         .\ScriptDev2__x64_Release\boss_marli.obj
         .\ScriptDev2__x64_Release\boss_renataki.obj
         .\ScriptDev2__x64_Release\boss_thekal.obj
         .\ScriptDev2__x64_Release\boss_venoxis.obj
         .\ScriptDev2__x64_Release\instance_zulgurub.obj
         .\ScriptDev2__x64_Release\example_creature.obj
         .\ScriptDev2__x64_Release\example_escort.obj
         .\ScriptDev2__x64_Release\example_gossip_codebox.obj
         .\ScriptDev2__x64_Release\example_misc.obj
         .\ScriptDev2__x64_Release\ashenvale.obj
         .\ScriptDev2__x64_Release\azshara.obj
         .\ScriptDev2__x64_Release\azuremyst_isle.obj
         .\ScriptDev2__x64_Release\bloodmyst_isle.obj
         .\ScriptDev2__x64_Release\boss_azuregos.obj
         .\ScriptDev2__x64_Release\darkshore.obj
         .\ScriptDev2__x64_Release\desolace.obj
         .\ScriptDev2__x64_Release\durotar.obj
         .\ScriptDev2__x64_Release\dustwallow_marsh.obj
         .\ScriptDev2__x64_Release\felwood.obj
         .\ScriptDev2__x64_Release\feralas.obj
         .\ScriptDev2__x64_Release\moonglade.obj
         .\ScriptDev2__x64_Release\mulgore.obj
         .\ScriptDev2__x64_Release\orgrimmar.obj
         .\ScriptDev2__x64_Release\silithus.obj
         .\ScriptDev2__x64_Release\stonetalon_mountains.obj
         .\ScriptDev2__x64_Release\tanaris.obj
         .\ScriptDev2__x64_Release\teldrassil.obj
         .\ScriptDev2__x64_Release\the_barrens.obj
         .\ScriptDev2__x64_Release\thousand_needles.obj
         .\ScriptDev2__x64_Release\thunder_bluff.obj
         .\ScriptDev2__x64_Release\ungoro_crater.obj
         .\ScriptDev2__x64_Release\winterspring.obj
         .\ScriptDev2__x64_Release\instance_blackfathom_deeps.obj
         .\ScriptDev2__x64_Release\boss_aeonus.obj
         .\ScriptDev2__x64_Release\boss_chrono_lord_deja.obj
         .\ScriptDev2__x64_Release\boss_temporus.obj
         .\ScriptDev2__x64_Release\dark_portal.obj
         .\ScriptDev2__x64_Release\instance_dark_portal.obj
         .\ScriptDev2__x64_Release\boss_archimonde.obj
         .\ScriptDev2__x64_Release\hyjal.obj
         .\ScriptDev2__x64_Release\hyjalAI.obj
         .\ScriptDev2__x64_Release\instance_hyjal.obj
         .\ScriptDev2__x64_Release\instance_old_hillsbrad.obj
         .\ScriptDev2__x64_Release\old_hillsbrad.obj
         .\ScriptDev2__x64_Release\dire_maul.obj
         .\ScriptDev2__x64_Release\instance_dire_maul.obj
         .\ScriptDev2__x64_Release\boss_noxxion.obj
         .\ScriptDev2__x64_Release\boss_onyxia.obj
         .\ScriptDev2__x64_Release\instance_onyxias_lair.obj
         .\ScriptDev2__x64_Release\razorfen_downs.obj
         .\ScriptDev2__x64_Release\instance_razorfen_kraul.obj
         .\ScriptDev2__x64_Release\razorfen_kraul.obj
         .\ScriptDev2__x64_Release\boss_ayamiss.obj
         .\ScriptDev2__x64_Release\boss_buru.obj
         .\ScriptDev2__x64_Release\boss_kurinnaxx.obj
         .\ScriptDev2__x64_Release\boss_moam.obj
         .\ScriptDev2__x64_Release\boss_ossirian.obj
         .\ScriptDev2__x64_Release\boss_rajaxx.obj
         .\ScriptDev2__x64_Release\instance_ruins_of_ahnqiraj.obj
         .\ScriptDev2__x64_Release\ruins_of_ahnqiraj.obj
         .\ScriptDev2__x64_Release\boss_bug_trio.obj
         .\ScriptDev2__x64_Release\boss_cthun.obj
         .\ScriptDev2__x64_Release\boss_fankriss.obj
         .\ScriptDev2__x64_Release\boss_huhuran.obj
         .\ScriptDev2__x64_Release\boss_ouro.obj
         .\ScriptDev2__x64_Release\boss_sartura.obj
         .\ScriptDev2__x64_Release\boss_skeram.obj
         .\ScriptDev2__x64_Release\boss_twinemperors.obj
         .\ScriptDev2__x64_Release\boss_viscidus.obj
         .\ScriptDev2__x64_Release\instance_temple_of_ahnqiraj.obj
         .\ScriptDev2__x64_Release\mob_anubisath_sentinel.obj
         .\ScriptDev2__x64_Release\instance_wailing_caverns.obj
         .\ScriptDev2__x64_Release\wailing_caverns.obj
         .\ScriptDev2__x64_Release\boss_zumrah.obj
         .\ScriptDev2__x64_Release\instance_zulfarrak.obj
         .\ScriptDev2__x64_Release\zulfarrak.obj
         .\ScriptDev2__x64_Release\blades_edge_mountains.obj
         .\ScriptDev2__x64_Release\boss_doomlord_kazzak.obj
         .\ScriptDev2__x64_Release\boss_doomwalker.obj
         .\ScriptDev2__x64_Release\hellfire_peninsula.obj
         .\ScriptDev2__x64_Release\nagrand.obj
         .\ScriptDev2__x64_Release\netherstorm.obj
         .\ScriptDev2__x64_Release\shadowmoon_valley.obj
         .\ScriptDev2__x64_Release\shattrath_city.obj
         .\ScriptDev2__x64_Release\terokkar_forest.obj
         .\ScriptDev2__x64_Release\zangarmarsh.obj
         .\ScriptDev2__x64_Release\boss_exarch_maladaar.obj
         .\ScriptDev2__x64_Release\boss_shirrak.obj
         .\ScriptDev2__x64_Release\boss_nexusprince_shaffar.obj
         .\ScriptDev2__x64_Release\boss_pandemonius.obj
         .\ScriptDev2__x64_Release\boss_anzu.obj
         .\ScriptDev2__x64_Release\boss_darkweaver_syth.obj
         .\ScriptDev2__x64_Release\boss_talon_king_ikiss.obj
         .\ScriptDev2__x64_Release\instance_sethekk_halls.obj
         .\ScriptDev2__x64_Release\boss_ambassador_hellmaw.obj
         .\ScriptDev2__x64_Release\boss_blackheart_the_inciter.obj
         .\ScriptDev2__x64_Release\boss_grandmaster_vorpil.obj
         .\ScriptDev2__x64_Release\boss_murmur.obj
         .\ScriptDev2__x64_Release\instance_shadow_labyrinth.obj
         .\ScriptDev2__x64_Release\black_temple.obj
         .\ScriptDev2__x64_Release\boss_bloodboil.obj
         .\ScriptDev2__x64_Release\boss_illidan.obj
         .\ScriptDev2__x64_Release\boss_mother_shahraz.obj
         .\ScriptDev2__x64_Release\boss_reliquary_of_souls.obj
         .\ScriptDev2__x64_Release\boss_shade_of_akama.obj
         .\ScriptDev2__x64_Release\boss_supremus.obj
         .\ScriptDev2__x64_Release\boss_teron_gorefiend.obj
         .\ScriptDev2__x64_Release\boss_warlord_najentus.obj
         .\ScriptDev2__x64_Release\illidari_council.obj
         .\ScriptDev2__x64_Release\instance_black_temple.obj
         .\ScriptDev2__x64_Release\boss_fathomlord_karathress.obj
         .\ScriptDev2__x64_Release\boss_hydross_the_unstable.obj
         .\ScriptDev2__x64_Release\boss_lady_vashj.obj
         .\ScriptDev2__x64_Release\boss_leotheras_the_blind.obj
         .\ScriptDev2__x64_Release\boss_morogrim_tidewalker.obj
         .\ScriptDev2__x64_Release\boss_the_lurker_below.obj
         .\ScriptDev2__x64_Release\instance_serpent_shrine.obj
         .\ScriptDev2__x64_Release\boss_ahune.obj
         .\ScriptDev2__x64_Release\boss_hydromancer_thespia.obj
         .\ScriptDev2__x64_Release\boss_mekgineer_steamrigger.obj
         .\ScriptDev2__x64_Release\boss_warlord_kalithresh.obj
         .\ScriptDev2__x64_Release\instance_steam_vault.obj
         .\ScriptDev2__x64_Release\boss_hungarfen.obj
         .\ScriptDev2__x64_Release\boss_gruul.obj
         .\ScriptDev2__x64_Release\boss_high_king_maulgar.obj
         .\ScriptDev2__x64_Release\instance_gruuls_lair.obj
         .\ScriptDev2__x64_Release\boss_broggok.obj
         .\ScriptDev2__x64_Release\boss_kelidan_the_breaker.obj
         .\ScriptDev2__x64_Release\boss_the_maker.obj
         .\ScriptDev2__x64_Release\instance_blood_furnace.obj
         .\ScriptDev2__x64_Release\boss_nazan_and_vazruden.obj
         .\ScriptDev2__x64_Release\boss_omor_the_unscarred.obj
         .\ScriptDev2__x64_Release\boss_watchkeeper_gargolmar.obj
         .\ScriptDev2__x64_Release\instance_hellfire_ramparts.obj
         .\ScriptDev2__x64_Release\boss_magtheridon.obj
         .\ScriptDev2__x64_Release\instance_magtheridons_lair.obj
         .\ScriptDev2__x64_Release\boss_nethekurse.obj
         .\ScriptDev2__x64_Release\boss_warbringer_omrogg.obj
         .\ScriptDev2__x64_Release\boss_warchief_kargath_bladefist.obj
         .\ScriptDev2__x64_Release\instance_shattered_halls.obj
         .\ScriptDev2__x64_Release\arcatraz.obj
         .\ScriptDev2__x64_Release\boss_dalliah.obj
         .\ScriptDev2__x64_Release\boss_harbinger_skyriss.obj
         .\ScriptDev2__x64_Release\boss_soccothrates.obj
         .\ScriptDev2__x64_Release\instance_arcatraz.obj
         .\ScriptDev2__x64_Release\boss_high_botanist_freywinn.obj
         .\ScriptDev2__x64_Release\boss_laj.obj
         .\ScriptDev2__x64_Release\boss_warp_splinter.obj
         .\ScriptDev2__x64_Release\boss_alar.obj
         .\ScriptDev2__x64_Release\boss_astromancer.obj
         .\ScriptDev2__x64_Release\boss_kaelthas.obj
         .\ScriptDev2__x64_Release\boss_void_reaver.obj
         .\ScriptDev2__x64_Release\instance_the_eye.obj
         .\ScriptDev2__x64_Release\boss_nethermancer_sepethrea.obj
         .\ScriptDev2__x64_Release\boss_pathaleon_the_calculator.obj
         .\ScriptDev2__x64_Release\instance_mechanar.obj
         .\ScriptDev2__x64_Release\areatrigger_scripts.obj
         .\ScriptDev2__x64_Release\bosses_emerald_dragons.obj
         .\ScriptDev2__x64_Release\go_scripts.obj
         .\ScriptDev2__x64_Release\guards.obj
         .\ScriptDev2__x64_Release\item_scripts.obj
         .\ScriptDev2__x64_Release\mob_generic_creature.obj
         .\ScriptDev2__x64_Release\npc_professions.obj
         .\ScriptDev2__x64_Release\npcs_special.obj
         .\ScriptDev2__x64_Release\spell_scripts.obj
         .\ScriptDev2__x64_Release\world_map_scripts.obj
         .\ScriptDev2__x64_Release\precompiled.obj
         .\ScriptDev2__x64_Release\sc_creature.obj
         .\ScriptDev2__x64_Release\sc_grid_searchers.obj
         .\ScriptDev2__x64_Release\sc_instance.obj
         .\ScriptDev2__x64_Release\MangosdRev.obj
         .\ScriptDev2__x64_Release\ScriptLoader.obj
         .\ScriptDev2__x64_Release\system.obj
         .\ScriptDev2__x64_Release\ScriptMgr.obj
            Creating library ..\..\..\..\bin\x64_release\mangosscript.lib and object ..\..\..\..\bin\x64_release\mangosscript.exp
         100ScriptDev2.vcxproj -> E:\semestern-core\server-master\src\bindings\scripts-master\VC100\..\..\..\..\bin\x64_release\mangosscript.dll
       Manifest:
         C:\Program Files (x86)\Microsoft SDKs\Windows\v7.0A\bin\mt.exe /nologo /verbose /outputresource:"..\..\..\..\bin\x64_release\mangosscript.dll;#2" /manifest .\ScriptDev2__x64_Release\mangosscript.dll.intermediate.manifest
       FinalizeBuildStatus:
         Deleting file ".\ScriptDev2__x64_Release\ScriptDev2.unsuccessfulbuild".
         Touching ".\ScriptDev2__x64_Release\ScriptDev2.lastbuildstate".
     1>Done Building Project "E:\semestern-core\server-master\src\bindings\scripts-master\VC100\100ScriptDev2.vcxproj" (build target(s)).

Build succeeded.

Time Elapsed 00:00:52.97
